<?xml version="1.0" encoding="UTF-8"?>
<testsuite name="InstanceTest" tests="16" skipped="0" failures="0" errors="0" timestamp="2019-10-26T01:49:50" hostname="AOXE_Win7Pro" time="0.597">
  <properties/>
  <testcase name="testeParametrizadoCsv(int, int)[1]" classname="InstanceTest" time="0.096"/>
  <testcase name="testeParametrizadoCsv(int, int)[2]" classname="InstanceTest" time="0.002"/>
  <testcase name="testeParametrizadoCsv(int, int)[3]" classname="InstanceTest" time="0.002"/>
  <testcase name="testeParametrizadoCsv(int, int)[4]" classname="InstanceTest" time="0.003"/>
  <testcase name="testeParametrizadoCsv(int, int)[5]" classname="InstanceTest" time="0.044"/>
  <testcase name="testeParametrizadoCsv(int, int)[6]" classname="InstanceTest" time="0.01"/>
  <testcase name="testeParametrizadoComArquivoCsv(int, int)[1]" classname="InstanceTest" time="0.001"/>
  <testcase name="testeParametrizadoComArquivoCsv(int, int)[2]" classname="InstanceTest" time="0.001"/>
  <testcase name="testeParametrizadoComArquivoCsv(int, int)[3]" classname="InstanceTest" time="0.001"/>
  <testcase name="testeParametrizadoComArquivoCsv(int, int)[4]" classname="InstanceTest" time="0.001"/>
  <testcase name="testeParametrizadoComArquivoCsv(int, int)[5]" classname="InstanceTest" time="0.047"/>
  <testcase name="testeParametrizadoComArquivoCsv(int, int)[6]" classname="InstanceTest" time="0.002"/>
  <testcase name="testeParametrizadoComArquivoCsv(int, int)[7]" classname="InstanceTest" time="0.004"/>
  <testcase name="checarTestBloqueio(RepetitionInfo)[1]" classname="InstanceTest" time="0.003"/>
  <testcase name="checarTestBloqueio(RepetitionInfo)[2]" classname="InstanceTest" time="0.019"/>
  <testcase name="checarTestBloqueio(RepetitionInfo)[3]" classname="InstanceTest" time="0.003"/>
  <system-out><![CDATA[]]></system-out>
  <system-err><![CDATA[]]></system-err>
</testsuite>
