<?xml version="1.0" encoding="UTF-8"?>
<testsuite name="ParticoesEquivalentesTest" tests="5" skipped="0" failures="0" errors="0" timestamp="2019-09-14T10:43:29" hostname="AOXE_Win7Pro" time="0.029">
  <properties/>
  <testcase name="stringVazio()" classname="ParticoesEquivalentesTest" time="0.019"/>
  <testcase name="stringMaiorQueCinco()" classname="ParticoesEquivalentesTest" time="0.002"/>
  <testcase name="stringNaoEncontrado()" classname="ParticoesEquivalentesTest" time="0.001"/>
  <testcase name="stringValido()" classname="ParticoesEquivalentesTest" time="0.0"/>
  <testcase name="stringValidoSegundo()" classname="ParticoesEquivalentesTest" time="0.001"/>
  <system-out><![CDATA[]]></system-out>
  <system-err><![CDATA[]]></system-err>
</testsuite>
