<?xml version="1.0" encoding="UTF-8"?>
<testsuite name="controller.HttpServletBasicoTest" tests="1" skipped="0" failures="0" errors="0" timestamp="2019-11-09T01:48:31" hostname="AOXE_Win7Pro" time="2.814">
  <properties/>
  <testcase name="doPostTest()" classname="controller.HttpServletBasicoTest" time="2.814"/>
  <system-out><![CDATA[]]></system-out>
  <system-err><![CDATA[]]></system-err>
</testsuite>
