<?xml version="1.0" encoding="UTF-8"?>
<testsuite name="UsuarioTest" tests="1" skipped="0" failures="0" errors="0" timestamp="2019-10-18T22:07:58" hostname="AOXE_Win7Pro" time="0.032">
  <properties/>
  <testcase name="TestBusca1()" classname="UsuarioTest" time="0.032"/>
  <system-out><![CDATA[]]></system-out>
  <system-err><![CDATA[]]></system-err>
</testsuite>
